0 info it worked if it ends with ok
1 verbose cli [ '/Users/jessicabarclay/.nvm/versions/node/v6.11.0/bin/node',
1 verbose cli   '/Users/jessicabarclay/.nvm/versions/node/v6.11.0/bin/npm',
1 verbose cli   'run',
1 verbose cli   'dev' ]
2 info using npm@3.10.10
3 info using node@v6.11.0
4 verbose run-script [ 'predev', 'dev', 'postdev' ]
5 info lifecycle react-configuration@~predev: react-configuration@
6 silly lifecycle react-configuration@~predev: no script for predev, continuing
7 info lifecycle react-configuration@~dev: react-configuration@
8 verbose lifecycle react-configuration@~dev: unsafe-perm in lifecycle true
9 verbose lifecycle react-configuration@~dev: PATH: /Users/jessicabarclay/.nvm/versions/node/v6.11.0/lib/node_modules/npm/bin/node-gyp-bin:/Users/jessicabarclay/react-configuration/node_modules/.bin:/Users/jessicabarclay/.rvm/gems/ruby-2.4.1/bin:/Users/jessicabarclay/.rvm/gems/ruby-2.4.1@global/bin:/Users/jessicabarclay/.rvm/rubies/ruby-2.4.1/bin:/Users/jessicabarclay/.nvm/versions/node/v6.11.0/bin:/usr/local/bin:/usr/bin:/bin:/usr/sbin:/sbin:/usr/local/share/dotnet:/usr/local/go/bin:/Library/Frameworks/Mono.framework/Versions/Current/Commands:/Users/jessicabarclay/.rvm/bin
10 verbose lifecycle react-configuration@~dev: CWD: /Users/jessicabarclay/react-configuration
11 silly lifecycle react-configuration@~dev: Args: [ '-c', 'webpack-dev-server' ]
12 silly lifecycle react-configuration@~dev: Returned: code: 1  signal: null
13 info lifecycle react-configuration@~dev: Failed to exec dev script
14 verbose stack Error: react-configuration@ dev: `webpack-dev-server`
14 verbose stack Exit status 1
14 verbose stack     at EventEmitter.<anonymous> (/Users/jessicabarclay/.nvm/versions/node/v6.11.0/lib/node_modules/npm/lib/utils/lifecycle.js:255:16)
14 verbose stack     at emitTwo (events.js:106:13)
14 verbose stack     at EventEmitter.emit (events.js:191:7)
14 verbose stack     at ChildProcess.<anonymous> (/Users/jessicabarclay/.nvm/versions/node/v6.11.0/lib/node_modules/npm/lib/utils/spawn.js:40:14)
14 verbose stack     at emitTwo (events.js:106:13)
14 verbose stack     at ChildProcess.emit (events.js:191:7)
14 verbose stack     at maybeClose (internal/child_process.js:891:16)
14 verbose stack     at Process.ChildProcess._handle.onexit (internal/child_process.js:226:5)
15 verbose pkgid react-configuration@
16 verbose cwd /Users/jessicabarclay/react-configuration
17 error Darwin 16.6.0
18 error argv "/Users/jessicabarclay/.nvm/versions/node/v6.11.0/bin/node" "/Users/jessicabarclay/.nvm/versions/node/v6.11.0/bin/npm" "run" "dev"
19 error node v6.11.0
20 error npm  v3.10.10
21 error code ELIFECYCLE
22 error react-configuration@ dev: `webpack-dev-server`
22 error Exit status 1
23 error Failed at the react-configuration@ dev script 'webpack-dev-server'.
23 error Make sure you have the latest version of node.js and npm installed.
23 error If you do, this is most likely a problem with the react-configuration package,
23 error not with npm itself.
23 error Tell the author that this fails on your system:
23 error     webpack-dev-server
23 error You can get information on how to open an issue for this project with:
23 error     npm bugs react-configuration
23 error Or if that isn't available, you can get their info via:
23 error     npm owner ls react-configuration
23 error There is likely additional logging output above.
24 verbose exit [ 1, true ]
